<?xml version="1.0" encoding="UTF-8"?>
<!-- Generated by org.testng.reporters.JUnitReportReporter -->
<testsuite hostname="Saurabh" failures="0" tests="1" name="test.ProductPageTest" time="7.043" errors="0" timestamp="2023-09-09T23:00:53 IST" skipped="0">
  <testcase classname="test.ProductPageTest" name="varifyCartNumbers" time="7.043"/>
</testsuite> <!-- test.ProductPageTest -->
