<?xml version="1.0" encoding="UTF-8"?>
<!-- Generated by org.testng.reporters.JUnitReportReporter -->
<testsuite hostname="Saurabh" failures="0" tests="1" name="test.LoginPageTest" time="4.456" errors="0" timestamp="2023-09-11T14:42:17 IST" skipped="0">
  <testcase classname="test.LoginPageTest" name="loginWithValidStandardUserID" time="4.456"/>
</testsuite> <!-- test.LoginPageTest -->
