<?xml version="1.0" encoding="UTF-8"?>
<!-- Generated by org.testng.reporters.JUnitReportReporter -->
<testsuite hostname="Saurabh" failures="0" tests="1" name="test.CheckoutOverviewPageTest" time="16.036" errors="0" timestamp="2023-09-08T15:39:25 IST" skipped="0">
  <testcase classname="test.CheckoutOverviewPageTest" name="verifyProductPriceIsEqualToItemTotal" time="16.036"/>
</testsuite> <!-- test.CheckoutOverviewPageTest -->
