<?xml version="1.0" encoding="UTF-8"?>
<!-- Generated by org.testng.reporters.JUnitReportReporter -->
<testsuite hostname="Saurabh" failures="0" tests="1" name="test.CartPageTest" time="5.255" errors="0" timestamp="2023-09-06T17:08:16 IST" skipped="0">
  <testcase classname="test.CartPageTest" name="verifyCheckoutButton" time="5.255"/>
</testsuite> <!-- test.CartPageTest -->
